# JRE version: OpenJDK Runtime Environment 18.9 (11.0.15+10) (build 11.0.15+10)
# Java VM: OpenJDK 64-Bit Server VM 18.9 (11.0.15+10, mixed mode, tiered, compressed oops, g1 gc, windows-amd64)
Heap:
 garbage-first heap   total 129024K, used 28120K [0x0000000080000000, 0x0000000100000000)
  region size 1024K, 13 young (13312K), 2 survivors (2048K)
 Metaspace       used 21998K, capacity 22554K, committed 22832K, reserved 544768K
  class space    used 2704K, capacity 2870K, committed 2944K, reserved 516096K
GC Heap History (8 events):
Event: 1.198 GC heap before
{Heap before GC invocations=0 (full 0):
 garbage-first heap   total 129024K, used 29696K [0x0000000080000000, 0x0000000100000000)
  region size 1024K, 24 young (24576K), 0 survivors (0K)
 Metaspace       used 9987K, capacity 10229K, committed 10368K, reserved 534528K
  class space    used 1008K, capacity 1072K, committed 1152K, reserved 516096K
}
Event: 1.205 GC heap after
{Heap after GC invocations=1 (full 0):
 garbage-first heap   total 129024K, used 9871K [0x0000000080000000, 0x0000000100000000)
  region size 1024K, 3 young (3072K), 3 survivors (3072K)
 Metaspace       used 9987K, capacity 10229K, committed 10368K, reserved 534528K
  class space    used 1008K, capacity 1072K, committed 1152K, reserved 516096K
}
Event: 1.831 GC heap before
{Heap before GC invocations=1 (full 0):
 garbage-first heap   total 129024K, used 30351K [0x0000000080000000, 0x0000000100000000)
  region size 1024K, 23 young (23552K), 3 survivors (3072K)
 Metaspace       used 11199K, capacity 11445K, committed 11520K, reserved 534528K
  class space    used 1146K, capacity 1243K, committed 1280K, reserved 516096K
}
Event: 1.835 GC heap after
{Heap after GC invocations=2 (full 0):
 garbage-first heap   total 129024K, used 10703K [0x0000000080000000, 0x0000000100000000)
  region size 1024K, 1 young (1024K), 1 survivors (1024K)
 Metaspace       used 11199K, capacity 11445K, committed 11520K, reserved 534528K
  class space    used 1146K, capacity 1243K, committed 1280K, reserved 516096K
}
Event: 3.904 GC heap before
{Heap before GC invocations=2 (full 0):
 garbage-first heap   total 129024K, used 62927K [0x0000000080000000, 0x0000000100000000)
  region size 1024K, 51 young (52224K), 1 survivors (1024K)
 Metaspace       used 17714K, capacity 18134K, committed 18432K, reserved 540672K
  class space    used 2058K, capacity 2178K, committed 2304K, reserved 516096K
}
Event: 3.909 GC heap after
{Heap after GC invocations=3 (full 0):
 garbage-first heap   total 129024K, used 16931K [0x0000000080000000, 0x0000000100000000)
  region size 1024K, 7 young (7168K), 7 survivors (7168K)
 Metaspace       used 17714K, capacity 18134K, committed 18432K, reserved 540672K
  class space    used 2058K, capacity 2178K, committed 2304K, reserved 516096K
}
Event: 4.305 GC heap before
{Heap before GC invocations=3 (full 0):
 garbage-first heap   total 129024K, used 39459K [0x0000000080000000, 0x0000000100000000)
  region size 1024K, 30 young (30720K), 7 survivors (7168K)
 Metaspace       used 20615K, capacity 21131K, committed 21296K, reserved 544768K
  class space    used 2471K, capacity 2628K, committed 2688K, reserved 516096K
}
Event: 4.316 GC heap after
{Heap after GC invocations=4 (full 0):
 garbage-first heap   total 129024K, used 17880K [0x0000000080000000, 0x0000000100000000)
  region size 1024K, 2 young (2048K), 2 survivors (2048K)
 Metaspace       used 20615K, capacity 21131K, committed 21296K, reserved 544768K
  class space    used 2471K, capacity 2628K, committed 2688K, reserved 516096K
}

